2025-04-28 02:52:07,589 - ERROR - Network error while fetching movie ID 0: 404 Client Error: Not Found for url: https://api.themoviedb.org/3/movie/0?api_key=f55f6f66aae0bfc6cb7960568f95411e&append_to_response=credits
2025-04-28 02:52:08,027 - INFO - Fetched movie: Avengers: Endgame (ID: 299534)
2025-04-28 02:52:08,446 - INFO - Fetched movie: Avatar (ID: 19995)
2025-04-28 02:52:08,590 - INFO - Fetched movie: Star Wars: The Force Awakens (ID: 140607)
2025-04-28 02:52:08,989 - INFO - Fetched movie: Avengers: Infinity War (ID: 299536)
2025-04-28 02:52:09,403 - INFO - Fetched movie: Titanic (ID: 597)
2025-04-28 02:52:09,697 - INFO - Fetched movie: Jurassic World (ID: 135397)
2025-04-28 02:52:10,088 - INFO - Fetched movie: The Lion King (ID: 420818)
2025-04-28 02:52:10,521 - INFO - Fetched movie: The Avengers (ID: 24428)
2025-04-28 02:52:10,671 - INFO - Fetched movie: Furious 7 (ID: 168259)
2025-04-28 02:52:10,828 - INFO - Fetched movie: Avengers: Age of Ultron (ID: 99861)
2025-04-28 02:52:10,996 - INFO - Fetched movie: Black Panther (ID: 284054)
2025-04-28 02:52:11,422 - INFO - Fetched movie: Harry Potter and the Deathly Hallows: Part 2 (ID: 12445)
2025-04-28 02:52:11,805 - INFO - Fetched movie: Star Wars: The Last Jedi (ID: 181808)
2025-04-28 02:52:12,171 - INFO - Fetched movie: Frozen II (ID: 330457)
2025-04-28 02:52:12,338 - INFO - Fetched movie: Jurassic World: Fallen Kingdom (ID: 351286)
2025-04-28 02:52:12,521 - INFO - Fetched movie: Frozen (ID: 109445)
2025-04-28 02:52:12,675 - INFO - Fetched movie: Beauty and the Beast (ID: 321612)
2025-04-28 02:52:12,821 - INFO - Fetched movie: Incredibles 2 (ID: 260513)
2025-04-28 03:00:00,102 - ERROR - Network error while fetching movie ID 0: 404 Client Error: Not Found for url: https://api.themoviedb.org/3/movie/0?api_key=f55f6f66aae0bfc6cb7960568f95411e&append_to_response=credits
2025-04-28 03:00:00,327 - INFO - Fetched movie: Avengers: Endgame (ID: 299534)
2025-04-28 03:00:00,544 - INFO - Fetched movie: Avatar (ID: 19995)
2025-04-28 03:00:00,747 - INFO - Fetched movie: Star Wars: The Force Awakens (ID: 140607)
2025-04-28 03:00:00,978 - INFO - Fetched movie: Avengers: Infinity War (ID: 299536)
2025-04-28 03:00:01,150 - INFO - Fetched movie: Titanic (ID: 597)
2025-04-28 03:00:01,294 - INFO - Fetched movie: Jurassic World (ID: 135397)
2025-04-28 03:00:01,583 - INFO - Fetched movie: The Lion King (ID: 420818)
2025-04-28 03:00:01,747 - INFO - Fetched movie: The Avengers (ID: 24428)
2025-04-28 03:00:01,927 - INFO - Fetched movie: Furious 7 (ID: 168259)
2025-04-28 03:00:02,086 - INFO - Fetched movie: Avengers: Age of Ultron (ID: 99861)
2025-04-28 03:00:02,251 - INFO - Fetched movie: Black Panther (ID: 284054)
2025-04-28 03:00:02,411 - INFO - Fetched movie: Harry Potter and the Deathly Hallows: Part 2 (ID: 12445)
2025-04-28 03:00:02,566 - INFO - Fetched movie: Star Wars: The Last Jedi (ID: 181808)
2025-04-28 03:00:02,727 - INFO - Fetched movie: Frozen II (ID: 330457)
2025-04-28 03:00:02,877 - INFO - Fetched movie: Jurassic World: Fallen Kingdom (ID: 351286)
2025-04-28 03:00:03,048 - INFO - Fetched movie: Frozen (ID: 109445)
2025-04-28 03:00:03,211 - INFO - Fetched movie: Beauty and the Beast (ID: 321612)
2025-04-28 03:00:03,396 - INFO - Fetched movie: Incredibles 2 (ID: 260513)
2025-04-28 03:08:59,542 - ERROR - Network error while fetching movie ID 0: 404 Client Error: Not Found for url: https://api.themoviedb.org/3/movie/0?api_key=f55f6f66aae0bfc6cb7960568f95411e&append_to_response=credits
2025-04-28 03:08:59,778 - INFO - Fetched movie: Avengers: Endgame (ID: 299534)
2025-04-28 03:08:59,992 - INFO - Fetched movie: Avatar (ID: 19995)
2025-04-28 03:09:00,208 - INFO - Fetched movie: Star Wars: The Force Awakens (ID: 140607)
2025-04-28 03:09:01,358 - INFO - Fetched movie: Avengers: Infinity War (ID: 299536)
2025-04-28 03:09:01,561 - INFO - Fetched movie: Titanic (ID: 597)
2025-04-28 03:09:01,708 - INFO - Fetched movie: Jurassic World (ID: 135397)
2025-04-28 03:09:01,875 - INFO - Fetched movie: The Lion King (ID: 420818)
2025-04-28 03:09:02,109 - INFO - Fetched movie: The Avengers (ID: 24428)
2025-04-28 03:09:02,292 - INFO - Fetched movie: Furious 7 (ID: 168259)
2025-04-28 03:09:02,492 - INFO - Fetched movie: Avengers: Age of Ultron (ID: 99861)
2025-04-28 03:09:02,725 - INFO - Fetched movie: Black Panther (ID: 284054)
2025-04-28 03:09:02,908 - INFO - Fetched movie: Harry Potter and the Deathly Hallows: Part 2 (ID: 12445)
2025-04-28 03:09:03,091 - INFO - Fetched movie: Star Wars: The Last Jedi (ID: 181808)
2025-04-28 03:09:03,275 - INFO - Fetched movie: Frozen II (ID: 330457)
2025-04-28 03:09:03,441 - INFO - Fetched movie: Jurassic World: Fallen Kingdom (ID: 351286)
2025-04-28 03:09:03,624 - INFO - Fetched movie: Frozen (ID: 109445)
2025-04-28 03:09:03,813 - INFO - Fetched movie: Beauty and the Beast (ID: 321612)
2025-04-28 03:09:04,074 - INFO - Fetched movie: Incredibles 2 (ID: 260513)
2025-04-28 03:18:30,185 - ERROR - Network error while fetching movie ID 0: 404 Client Error: Not Found for url: https://api.themoviedb.org/3/movie/0?api_key=f55f6f66aae0bfc6cb7960568f95411e&append_to_response=credits
2025-04-28 03:18:30,425 - INFO - Fetched movie: Avengers: Endgame (ID: 299534)
2025-04-28 03:18:30,618 - INFO - Fetched movie: Avatar (ID: 19995)
2025-04-28 03:18:30,863 - INFO - Fetched movie: Star Wars: The Force Awakens (ID: 140607)
2025-04-28 03:18:31,056 - INFO - Fetched movie: Avengers: Infinity War (ID: 299536)
2025-04-28 03:18:31,229 - INFO - Fetched movie: Titanic (ID: 597)
2025-04-28 03:18:31,385 - INFO - Fetched movie: Jurassic World (ID: 135397)
2025-04-28 03:18:31,569 - INFO - Fetched movie: The Lion King (ID: 420818)
2025-04-28 03:18:31,767 - INFO - Fetched movie: The Avengers (ID: 24428)
2025-04-28 03:18:31,929 - INFO - Fetched movie: Furious 7 (ID: 168259)
2025-04-28 03:18:32,114 - INFO - Fetched movie: Avengers: Age of Ultron (ID: 99861)
2025-04-28 03:18:32,285 - INFO - Fetched movie: Black Panther (ID: 284054)
2025-04-28 03:18:32,419 - INFO - Fetched movie: Harry Potter and the Deathly Hallows: Part 2 (ID: 12445)
2025-04-28 03:18:32,676 - INFO - Fetched movie: Star Wars: The Last Jedi (ID: 181808)
2025-04-28 03:18:32,837 - INFO - Fetched movie: Frozen II (ID: 330457)
2025-04-28 03:18:33,023 - INFO - Fetched movie: Jurassic World: Fallen Kingdom (ID: 351286)
2025-04-28 03:18:33,226 - INFO - Fetched movie: Frozen (ID: 109445)
2025-04-28 03:18:33,372 - INFO - Fetched movie: Beauty and the Beast (ID: 321612)
2025-04-28 03:18:33,555 - INFO - Fetched movie: Incredibles 2 (ID: 260513)
2025-04-28 03:20:16,853 - ERROR - Network error while fetching movie ID 0: 404 Client Error: Not Found for url: https://api.themoviedb.org/3/movie/0?api_key=f55f6f66aae0bfc6cb7960568f95411e&append_to_response=credits
2025-04-28 03:20:17,050 - INFO - Fetched movie: Avengers: Endgame (ID: 299534)
2025-04-28 03:20:17,374 - INFO - Fetched movie: Avatar (ID: 19995)
2025-04-28 03:20:17,572 - INFO - Fetched movie: Star Wars: The Force Awakens (ID: 140607)
2025-04-28 03:20:17,788 - INFO - Fetched movie: Avengers: Infinity War (ID: 299536)
2025-04-28 03:20:18,024 - INFO - Fetched movie: Titanic (ID: 597)
2025-04-28 03:20:18,209 - INFO - Fetched movie: Jurassic World (ID: 135397)
2025-04-28 03:20:18,371 - INFO - Fetched movie: The Lion King (ID: 420818)
2025-04-28 03:20:18,572 - INFO - Fetched movie: The Avengers (ID: 24428)
2025-04-28 03:20:18,738 - INFO - Fetched movie: Furious 7 (ID: 168259)
2025-04-28 03:20:18,946 - INFO - Fetched movie: Avengers: Age of Ultron (ID: 99861)
2025-04-28 03:20:19,188 - INFO - Fetched movie: Black Panther (ID: 284054)
2025-04-28 03:20:19,371 - INFO - Fetched movie: Harry Potter and the Deathly Hallows: Part 2 (ID: 12445)
2025-04-28 03:20:19,643 - INFO - Fetched movie: Star Wars: The Last Jedi (ID: 181808)
2025-04-28 03:20:19,788 - INFO - Fetched movie: Frozen II (ID: 330457)
2025-04-28 03:20:20,004 - INFO - Fetched movie: Jurassic World: Fallen Kingdom (ID: 351286)
2025-04-28 03:20:20,187 - INFO - Fetched movie: Frozen (ID: 109445)
2025-04-28 03:20:20,355 - INFO - Fetched movie: Beauty and the Beast (ID: 321612)
2025-04-28 03:20:20,538 - INFO - Fetched movie: Incredibles 2 (ID: 260513)
2025-04-28 03:21:21,724 - ERROR - Network error while fetching movie ID 0: 404 Client Error: Not Found for url: https://api.themoviedb.org/3/movie/0?api_key=f55f6f66aae0bfc6cb7960568f95411e&append_to_response=credits
2025-04-28 03:21:21,972 - INFO - Fetched movie: Avengers: Endgame (ID: 299534)
2025-04-28 03:21:22,171 - INFO - Fetched movie: Avatar (ID: 19995)
2025-04-28 03:21:22,336 - INFO - Fetched movie: Star Wars: The Force Awakens (ID: 140607)
2025-04-28 03:21:22,530 - INFO - Fetched movie: Avengers: Infinity War (ID: 299536)
2025-04-28 03:21:22,684 - INFO - Fetched movie: Titanic (ID: 597)
2025-04-28 03:21:22,886 - INFO - Fetched movie: Jurassic World (ID: 135397)
2025-04-28 03:21:23,043 - INFO - Fetched movie: The Lion King (ID: 420818)
2025-04-28 03:21:23,210 - INFO - Fetched movie: The Avengers (ID: 24428)
2025-04-28 03:21:23,346 - INFO - Fetched movie: Furious 7 (ID: 168259)
2025-04-28 03:21:23,511 - INFO - Fetched movie: Avengers: Age of Ultron (ID: 99861)
2025-04-28 03:21:23,658 - INFO - Fetched movie: Black Panther (ID: 284054)
2025-04-28 03:21:23,825 - INFO - Fetched movie: Harry Potter and the Deathly Hallows: Part 2 (ID: 12445)
2025-04-28 03:21:24,326 - INFO - Fetched movie: Star Wars: The Last Jedi (ID: 181808)
2025-04-28 03:21:24,480 - INFO - Fetched movie: Frozen II (ID: 330457)
2025-04-28 03:21:24,646 - INFO - Fetched movie: Jurassic World: Fallen Kingdom (ID: 351286)
2025-04-28 03:21:24,820 - INFO - Fetched movie: Frozen (ID: 109445)
2025-04-28 03:21:25,000 - INFO - Fetched movie: Beauty and the Beast (ID: 321612)
2025-04-28 03:21:25,153 - INFO - Fetched movie: Incredibles 2 (ID: 260513)
2025-04-28 03:22:30,420 - ERROR - Network error while fetching movie ID 0: 404 Client Error: Not Found for url: https://api.themoviedb.org/3/movie/0?api_key=f55f6f66aae0bfc6cb7960568f95411e&append_to_response=credits
2025-04-28 03:22:30,720 - INFO - Fetched movie: Avengers: Endgame (ID: 299534)
2025-04-28 03:22:31,261 - INFO - Fetched movie: Avatar (ID: 19995)
2025-04-28 03:22:31,658 - INFO - Fetched movie: Star Wars: The Force Awakens (ID: 140607)
2025-04-28 03:22:32,059 - INFO - Fetched movie: Avengers: Infinity War (ID: 299536)
2025-04-28 03:22:32,352 - INFO - Fetched movie: Titanic (ID: 597)
2025-04-28 03:22:32,722 - INFO - Fetched movie: Jurassic World (ID: 135397)
2025-04-28 03:22:33,085 - INFO - Fetched movie: The Lion King (ID: 420818)
2025-04-28 03:22:33,266 - INFO - Fetched movie: The Avengers (ID: 24428)
2025-04-28 03:22:33,406 - INFO - Fetched movie: Furious 7 (ID: 168259)
2025-04-28 03:22:33,574 - INFO - Fetched movie: Avengers: Age of Ultron (ID: 99861)
2025-04-28 03:22:33,722 - INFO - Fetched movie: Black Panther (ID: 284054)
2025-04-28 03:22:33,893 - INFO - Fetched movie: Harry Potter and the Deathly Hallows: Part 2 (ID: 12445)
2025-04-28 03:22:34,055 - INFO - Fetched movie: Star Wars: The Last Jedi (ID: 181808)
2025-04-28 03:22:34,204 - INFO - Fetched movie: Frozen II (ID: 330457)
2025-04-28 03:22:34,355 - INFO - Fetched movie: Jurassic World: Fallen Kingdom (ID: 351286)
2025-04-28 03:22:34,519 - INFO - Fetched movie: Frozen (ID: 109445)
2025-04-28 03:22:34,672 - INFO - Fetched movie: Beauty and the Beast (ID: 321612)
2025-04-28 03:22:34,841 - INFO - Fetched movie: Incredibles 2 (ID: 260513)
2025-04-28 03:22:48,083 - ERROR - Network error while fetching movie ID 0: 404 Client Error: Not Found for url: https://api.themoviedb.org/3/movie/0?api_key=f55f6f66aae0bfc6cb7960568f95411e&append_to_response=credits
2025-04-28 03:22:48,275 - INFO - Fetched movie: Avengers: Endgame (ID: 299534)
2025-04-28 03:22:48,517 - INFO - Fetched movie: Avatar (ID: 19995)
2025-04-28 03:22:48,707 - INFO - Fetched movie: Star Wars: The Force Awakens (ID: 140607)
2025-04-28 03:22:48,940 - INFO - Fetched movie: Avengers: Infinity War (ID: 299536)
2025-04-28 03:22:49,130 - INFO - Fetched movie: Titanic (ID: 597)
2025-04-28 03:22:49,324 - INFO - Fetched movie: Jurassic World (ID: 135397)
2025-04-28 03:22:49,474 - INFO - Fetched movie: The Lion King (ID: 420818)
2025-04-28 03:22:49,699 - INFO - Fetched movie: The Avengers (ID: 24428)
2025-04-28 03:22:49,849 - INFO - Fetched movie: Furious 7 (ID: 168259)
2025-04-28 03:22:50,014 - INFO - Fetched movie: Avengers: Age of Ultron (ID: 99861)
2025-04-28 03:22:50,190 - INFO - Fetched movie: Black Panther (ID: 284054)
2025-04-28 03:22:50,347 - INFO - Fetched movie: Harry Potter and the Deathly Hallows: Part 2 (ID: 12445)
2025-04-28 03:22:50,507 - INFO - Fetched movie: Star Wars: The Last Jedi (ID: 181808)
2025-04-28 03:22:50,654 - INFO - Fetched movie: Frozen II (ID: 330457)
2025-04-28 03:22:50,890 - INFO - Fetched movie: Jurassic World: Fallen Kingdom (ID: 351286)
2025-04-28 03:22:51,053 - INFO - Fetched movie: Frozen (ID: 109445)
2025-04-28 03:22:51,239 - INFO - Fetched movie: Beauty and the Beast (ID: 321612)
2025-04-28 03:22:51,415 - INFO - Fetched movie: Incredibles 2 (ID: 260513)
2025-04-28 03:23:40,307 - ERROR - Network error while fetching movie ID 0: 404 Client Error: Not Found for url: https://api.themoviedb.org/3/movie/0?api_key=f55f6f66aae0bfc6cb7960568f95411e&append_to_response=credits
2025-04-28 03:23:40,500 - INFO - Fetched movie: Avengers: Endgame (ID: 299534)
2025-04-28 03:23:40,723 - INFO - Fetched movie: Avatar (ID: 19995)
2025-04-28 03:23:40,924 - INFO - Fetched movie: Star Wars: The Force Awakens (ID: 140607)
2025-04-28 03:23:41,165 - INFO - Fetched movie: Avengers: Infinity War (ID: 299536)
2025-04-28 03:23:41,370 - INFO - Fetched movie: Titanic (ID: 597)
2025-04-28 03:23:41,567 - INFO - Fetched movie: Jurassic World (ID: 135397)
2025-04-28 03:23:41,735 - INFO - Fetched movie: The Lion King (ID: 420818)
2025-04-28 03:23:41,972 - INFO - Fetched movie: The Avengers (ID: 24428)
2025-04-28 03:23:42,198 - INFO - Fetched movie: Furious 7 (ID: 168259)
2025-04-28 03:23:42,414 - INFO - Fetched movie: Avengers: Age of Ultron (ID: 99861)
2025-04-28 03:23:42,619 - INFO - Fetched movie: Black Panther (ID: 284054)
2025-04-28 03:23:42,815 - INFO - Fetched movie: Harry Potter and the Deathly Hallows: Part 2 (ID: 12445)
2025-04-28 03:23:43,006 - INFO - Fetched movie: Star Wars: The Last Jedi (ID: 181808)
2025-04-28 03:23:43,162 - INFO - Fetched movie: Frozen II (ID: 330457)
2025-04-28 03:23:43,356 - INFO - Fetched movie: Jurassic World: Fallen Kingdom (ID: 351286)
2025-04-28 03:23:43,567 - INFO - Fetched movie: Frozen (ID: 109445)
2025-04-28 03:23:43,730 - INFO - Fetched movie: Beauty and the Beast (ID: 321612)
2025-04-28 03:23:43,929 - INFO - Fetched movie: Incredibles 2 (ID: 260513)
2025-04-28 03:33:46,509 - ERROR - Network error while fetching movie ID 0: 404 Client Error: Not Found for url: https://api.themoviedb.org/3/movie/0?api_key=f55f6f66aae0bfc6cb7960568f95411e&append_to_response=credits
2025-04-28 03:33:46,676 - INFO - Fetched movie: Avengers: Endgame (ID: 299534)
2025-04-28 03:33:46,849 - INFO - Fetched movie: Avatar (ID: 19995)
2025-04-28 03:33:47,019 - INFO - Fetched movie: Star Wars: The Force Awakens (ID: 140607)
2025-04-28 03:33:47,289 - INFO - Fetched movie: Avengers: Infinity War (ID: 299536)
2025-04-28 03:33:47,453 - INFO - Fetched movie: Titanic (ID: 597)
2025-04-28 03:33:47,591 - INFO - Fetched movie: Jurassic World (ID: 135397)
2025-04-28 03:33:47,722 - INFO - Fetched movie: The Lion King (ID: 420818)
2025-04-28 03:33:47,885 - INFO - Fetched movie: The Avengers (ID: 24428)
2025-04-28 03:33:48,024 - INFO - Fetched movie: Furious 7 (ID: 168259)
2025-04-28 03:33:48,217 - INFO - Fetched movie: Avengers: Age of Ultron (ID: 99861)
2025-04-28 03:33:48,402 - INFO - Fetched movie: Black Panther (ID: 284054)
2025-04-28 03:33:48,693 - INFO - Fetched movie: Harry Potter and the Deathly Hallows: Part 2 (ID: 12445)
2025-04-28 03:33:48,843 - INFO - Fetched movie: Star Wars: The Last Jedi (ID: 181808)
2025-04-28 03:33:49,001 - INFO - Fetched movie: Frozen II (ID: 330457)
2025-04-28 03:33:49,385 - INFO - Fetched movie: Jurassic World: Fallen Kingdom (ID: 351286)
2025-04-28 03:33:49,572 - INFO - Fetched movie: Frozen (ID: 109445)
2025-04-28 03:33:49,715 - INFO - Fetched movie: Beauty and the Beast (ID: 321612)
2025-04-28 03:33:49,872 - INFO - Fetched movie: Incredibles 2 (ID: 260513)
2025-04-28 03:43:13,289 - ERROR - Network error while fetching movie ID 0: 404 Client Error: Not Found for url: https://api.themoviedb.org/3/movie/0?api_key=f55f6f66aae0bfc6cb7960568f95411e&append_to_response=credits
2025-04-28 03:43:13,881 - INFO - Fetched movie: Avengers: Endgame (ID: 299534)
2025-04-28 03:43:14,221 - INFO - Fetched movie: Avatar (ID: 19995)
2025-04-28 03:43:14,420 - INFO - Fetched movie: Star Wars: The Force Awakens (ID: 140607)
2025-04-28 03:43:14,734 - INFO - Fetched movie: Avengers: Infinity War (ID: 299536)
2025-04-28 03:43:14,963 - INFO - Fetched movie: Titanic (ID: 597)
2025-04-28 03:43:15,134 - INFO - Fetched movie: Jurassic World (ID: 135397)
2025-04-28 03:43:15,379 - INFO - Fetched movie: The Lion King (ID: 420818)
2025-04-28 03:43:15,574 - INFO - Fetched movie: The Avengers (ID: 24428)
2025-04-28 03:43:15,778 - INFO - Fetched movie: Furious 7 (ID: 168259)
2025-04-28 03:43:16,032 - INFO - Fetched movie: Avengers: Age of Ultron (ID: 99861)
2025-04-28 03:43:16,657 - INFO - Fetched movie: Black Panther (ID: 284054)
2025-04-28 03:43:16,812 - INFO - Fetched movie: Harry Potter and the Deathly Hallows: Part 2 (ID: 12445)
2025-04-28 03:43:17,050 - INFO - Fetched movie: Star Wars: The Last Jedi (ID: 181808)
2025-04-28 03:43:17,300 - INFO - Fetched movie: Frozen II (ID: 330457)
2025-04-28 03:43:17,501 - INFO - Fetched movie: Jurassic World: Fallen Kingdom (ID: 351286)
2025-04-28 03:43:17,690 - INFO - Fetched movie: Frozen (ID: 109445)
2025-04-28 03:43:17,928 - INFO - Fetched movie: Beauty and the Beast (ID: 321612)
2025-04-28 03:43:18,225 - INFO - Fetched movie: Incredibles 2 (ID: 260513)
2025-04-28 04:00:59,760 - ERROR - Network error while fetching movie ID 0: 404 Client Error: Not Found for url: https://api.themoviedb.org/3/movie/0?api_key=f55f6f66aae0bfc6cb7960568f95411e&append_to_response=credits
2025-04-28 04:01:00,006 - INFO - Fetched movie: Avengers: Endgame (ID: 299534)
2025-04-28 04:01:00,230 - INFO - Fetched movie: Avatar (ID: 19995)
2025-04-28 04:01:00,452 - INFO - Fetched movie: Star Wars: The Force Awakens (ID: 140607)
2025-04-28 04:01:00,634 - INFO - Fetched movie: Avengers: Infinity War (ID: 299536)
2025-04-28 04:01:00,860 - INFO - Fetched movie: Titanic (ID: 597)
2025-04-28 04:01:01,035 - INFO - Fetched movie: Jurassic World (ID: 135397)
2025-04-28 04:01:01,210 - INFO - Fetched movie: The Lion King (ID: 420818)
2025-04-28 04:01:01,426 - INFO - Fetched movie: The Avengers (ID: 24428)
2025-04-28 04:01:01,846 - INFO - Fetched movie: Furious 7 (ID: 168259)
2025-04-28 04:01:02,250 - INFO - Fetched movie: Avengers: Age of Ultron (ID: 99861)
2025-04-28 04:01:02,476 - INFO - Fetched movie: Black Panther (ID: 284054)
2025-04-28 04:01:02,659 - INFO - Fetched movie: Harry Potter and the Deathly Hallows: Part 2 (ID: 12445)
2025-04-28 04:01:02,924 - INFO - Fetched movie: Star Wars: The Last Jedi (ID: 181808)
2025-04-28 04:01:03,097 - INFO - Fetched movie: Frozen II (ID: 330457)
2025-04-28 04:01:03,319 - INFO - Fetched movie: Jurassic World: Fallen Kingdom (ID: 351286)
2025-04-28 04:01:03,744 - INFO - Fetched movie: Frozen (ID: 109445)
2025-04-28 04:01:03,994 - INFO - Fetched movie: Beauty and the Beast (ID: 321612)
2025-04-28 04:01:04,176 - INFO - Fetched movie: Incredibles 2 (ID: 260513)
2025-04-28 04:08:48,874 - ERROR - Network error while fetching movie ID 0: 404 Client Error: Not Found for url: https://api.themoviedb.org/3/movie/0?api_key=f55f6f66aae0bfc6cb7960568f95411e&append_to_response=credits
2025-04-28 04:08:49,067 - INFO - Fetched movie: Avengers: Endgame (ID: 299534)
2025-04-28 04:08:49,258 - INFO - Fetched movie: Avatar (ID: 19995)
2025-04-28 04:08:49,517 - INFO - Fetched movie: Star Wars: The Force Awakens (ID: 140607)
2025-04-28 04:08:49,792 - INFO - Fetched movie: Avengers: Infinity War (ID: 299536)
2025-04-28 04:08:49,968 - INFO - Fetched movie: Titanic (ID: 597)
2025-04-28 04:08:50,142 - INFO - Fetched movie: Jurassic World (ID: 135397)
2025-04-28 04:08:50,311 - INFO - Fetched movie: The Lion King (ID: 420818)
2025-04-28 04:08:50,511 - INFO - Fetched movie: The Avengers (ID: 24428)
2025-04-28 04:08:50,678 - INFO - Fetched movie: Furious 7 (ID: 168259)
2025-04-28 04:08:50,868 - INFO - Fetched movie: Avengers: Age of Ultron (ID: 99861)
2025-04-28 04:08:51,010 - INFO - Fetched movie: Black Panther (ID: 284054)
2025-04-28 04:08:51,169 - INFO - Fetched movie: Harry Potter and the Deathly Hallows: Part 2 (ID: 12445)
2025-04-28 04:08:51,404 - INFO - Fetched movie: Star Wars: The Last Jedi (ID: 181808)
2025-04-28 04:08:51,580 - INFO - Fetched movie: Frozen II (ID: 330457)
2025-04-28 04:08:51,762 - INFO - Fetched movie: Jurassic World: Fallen Kingdom (ID: 351286)
2025-04-28 04:08:51,935 - INFO - Fetched movie: Frozen (ID: 109445)
2025-04-28 04:08:52,121 - INFO - Fetched movie: Beauty and the Beast (ID: 321612)
2025-04-28 04:08:52,259 - INFO - Fetched movie: Incredibles 2 (ID: 260513)
