2025-04-22 14:02:07,242 - ERROR - Movies: [] failed
2025-04-22 14:03:27,655 - INFO - <bound method Response.json of <Response [200]>> with ID: 135397 has been fetched successfully
2025-04-22 14:03:29,229 - ERROR - The movie with ID: 20818 failed to be extracted
2025-04-22 14:03:33,503 - INFO - <bound method Response.json of <Response [200]>> with ID: 24428 has been fetched successfully
2025-04-22 14:03:34,886 - INFO - <bound method Response.json of <Response [200]>> with ID: 168259 has been fetched successfully
2025-04-22 14:03:36,425 - INFO - <bound method Response.json of <Response [200]>> with ID: 99861 has been fetched successfully
2025-04-22 14:03:39,167 - INFO - <bound method Response.json of <Response [200]>> with ID: 284054 has been fetched successfully
2025-04-22 14:03:40,497 - INFO - <bound method Response.json of <Response [200]>> with ID: 12445 has been fetched successfully
2025-04-22 14:03:41,913 - INFO - <bound method Response.json of <Response [200]>> with ID: 181808 has been fetched successfully
2025-04-22 14:03:43,314 - INFO - <bound method Response.json of <Response [200]>> with ID: 330457 has been fetched successfully
2025-04-22 14:03:47,503 - INFO - <bound method Response.json of <Response [200]>> with ID: 351286 has been fetched successfully
2025-04-22 14:03:49,440 - INFO - <bound method Response.json of <Response [200]>> with ID: 109445 has been fetched successfully
2025-04-22 14:03:52,438 - INFO - <bound method Response.json of <Response [200]>> with ID: 321612 has been fetched successfully
2025-04-22 14:03:55,363 - INFO - <bound method Response.json of <Response [200]>> with ID: 260513 has been fetched successfully
2025-04-22 14:03:55,878 - INFO - Movies: [<bound method Response.json of <Response [200]>>, <bound method Response.json of <Response [200]>>, <bound method Response.json of <Response [200]>>, <bound method Response.json of <Response [200]>>, <bound method Response.json of <Response [200]>>, <bound method Response.json of <Response [200]>>, <bound method Response.json of <Response [200]>>, <bound method Response.json of <Response [200]>>, <bound method Response.json of <Response [200]>>, <bound method Response.json of <Response [200]>>, <bound method Response.json of <Response [200]>>, <bound method Response.json of <Response [200]>>] were successfully fetched
2025-04-22 14:15:16,780 - ERROR - Failed to fetch movie ID 0: 404 Client Error: Not Found for url: https://api.themoviedb.org/3/movie/0?api_key=f55f6f66aae0bfc6cb7960568f95411e&append_to_response=credits
2025-04-22 14:15:20,115 - INFO - Movie 'Avengers: Endgame' (ID: 299534) fetched successfully
2025-04-22 14:15:21,510 - INFO - Movie 'Avatar' (ID: 19995) fetched successfully
2025-04-22 14:15:22,978 - INFO - Movie 'Star Wars: The Force Awakens' (ID: 140607) fetched successfully
2025-04-22 14:15:25,562 - INFO - Movie 'Avengers: Infinity War' (ID: 299536) fetched successfully
2025-04-22 14:15:26,871 - INFO - Movie 'Titanic' (ID: 597) fetched successfully
2025-04-22 14:15:33,438 - ERROR - Failed to fetch movie ID 135397: HTTPSConnectionPool(host='api.themoviedb.org', port=443): Read timed out.
2025-04-22 14:15:34,713 - ERROR - Failed to fetch movie ID 20818: 404 Client Error: Not Found for url: https://api.themoviedb.org/3/movie/20818?api_key=f55f6f66aae0bfc6cb7960568f95411e&append_to_response=credits
2025-04-22 14:15:36,138 - INFO - Movie 'The Avengers' (ID: 24428) fetched successfully
2025-04-22 14:15:37,550 - INFO - Movie 'Furious 7' (ID: 168259) fetched successfully
2025-04-22 14:15:38,884 - INFO - Movie 'Avengers: Age of Ultron' (ID: 99861) fetched successfully
2025-04-22 14:15:40,011 - INFO - Movie 'Black Panther' (ID: 284054) fetched successfully
2025-04-22 14:15:41,088 - INFO - Movie 'Harry Potter and the Deathly Hallows: Part 2' (ID: 12445) fetched successfully
2025-04-22 14:15:42,590 - INFO - Movie 'Star Wars: The Last Jedi' (ID: 181808) fetched successfully
2025-04-22 14:15:43,628 - INFO - Movie 'Frozen II' (ID: 330457) fetched successfully
2025-04-22 14:15:44,788 - INFO - Movie 'Jurassic World: Fallen Kingdom' (ID: 351286) fetched successfully
2025-04-22 14:15:45,872 - INFO - Movie 'Frozen' (ID: 109445) fetched successfully
2025-04-22 14:15:47,053 - INFO - Movie 'Beauty and the Beast' (ID: 321612) fetched successfully
2025-04-22 14:15:48,198 - INFO - Movie 'Incredibles 2' (ID: 260513) fetched successfully
2025-04-22 14:15:49,058 - INFO - Saved 16 movies to movie_data.csv
2025-04-25 13:43:11,400 - ERROR - Failed to fetch movie ID 0: 404 Client Error: Not Found for url: https://api.themoviedb.org/3/movie/0?api_key=f55f6f66aae0bfc6cb7960568f95411e&append_to_response=credits
2025-04-25 13:43:12,214 - INFO - Movie 'Avengers: Endgame' (ID: 299534) fetched successfully
2025-04-25 13:43:13,078 - INFO - Movie 'Avatar' (ID: 19995) fetched successfully
2025-04-25 13:43:13,889 - INFO - Movie 'Star Wars: The Force Awakens' (ID: 140607) fetched successfully
2025-04-25 13:43:14,916 - INFO - Movie 'Avengers: Infinity War' (ID: 299536) fetched successfully
2025-04-25 13:43:15,729 - INFO - Movie 'Titanic' (ID: 597) fetched successfully
2025-04-25 13:43:16,585 - INFO - Movie 'Jurassic World' (ID: 135397) fetched successfully
2025-04-25 13:43:17,407 - ERROR - Failed to fetch movie ID 20818: 404 Client Error: Not Found for url: https://api.themoviedb.org/3/movie/20818?api_key=f55f6f66aae0bfc6cb7960568f95411e&append_to_response=credits
2025-04-25 13:43:18,238 - INFO - Movie 'The Avengers' (ID: 24428) fetched successfully
2025-04-25 13:43:19,033 - INFO - Movie 'Furious 7' (ID: 168259) fetched successfully
2025-04-25 13:43:19,834 - INFO - Movie 'Avengers: Age of Ultron' (ID: 99861) fetched successfully
2025-04-25 13:43:20,669 - INFO - Movie 'Black Panther' (ID: 284054) fetched successfully
2025-04-25 13:43:21,525 - INFO - Movie 'Harry Potter and the Deathly Hallows: Part 2' (ID: 12445) fetched successfully
2025-04-25 13:43:22,340 - INFO - Movie 'Star Wars: The Last Jedi' (ID: 181808) fetched successfully
2025-04-25 13:43:23,123 - INFO - Movie 'Frozen II' (ID: 330457) fetched successfully
2025-04-25 13:43:23,925 - INFO - Movie 'Jurassic World: Fallen Kingdom' (ID: 351286) fetched successfully
2025-04-25 13:43:24,741 - INFO - Movie 'Frozen' (ID: 109445) fetched successfully
2025-04-25 13:43:25,573 - INFO - Movie 'Beauty and the Beast' (ID: 321612) fetched successfully
2025-04-25 13:43:26,354 - INFO - Movie 'Incredibles 2' (ID: 260513) fetched successfully
2025-04-25 13:43:27,123 - INFO - Saved 17 movies to movie_data.json
2025-04-27 17:31:06,043 - ERROR - Failed to fetch movie ID 0: 404 Client Error: Not Found for url: https://api.themoviedb.org/3/movie/0?api_key=f55f6f66aae0bfc6cb7960568f95411e&append_to_response=credits
2025-04-27 17:31:07,045 - INFO - Movie 'Avengers: Endgame' (ID: 299534) fetched successfully
2025-04-27 17:31:08,064 - INFO - Movie 'Avatar' (ID: 19995) fetched successfully
2025-04-27 17:31:09,026 - INFO - Movie 'Star Wars: The Force Awakens' (ID: 140607) fetched successfully
2025-04-27 17:31:09,955 - INFO - Movie 'Avengers: Infinity War' (ID: 299536) fetched successfully
2025-04-27 17:31:10,927 - INFO - Movie 'Titanic' (ID: 597) fetched successfully
2025-04-27 17:31:11,868 - INFO - Movie 'Jurassic World' (ID: 135397) fetched successfully
2025-04-27 17:31:12,769 - ERROR - Failed to fetch movie ID 20818: 404 Client Error: Not Found for url: https://api.themoviedb.org/3/movie/20818?api_key=f55f6f66aae0bfc6cb7960568f95411e&append_to_response=credits
2025-04-27 17:31:13,800 - INFO - Movie 'The Avengers' (ID: 24428) fetched successfully
2025-04-27 17:31:14,914 - INFO - Movie 'Furious 7' (ID: 168259) fetched successfully
2025-04-27 17:31:15,892 - INFO - Movie 'Avengers: Age of Ultron' (ID: 99861) fetched successfully
2025-04-27 17:31:16,820 - INFO - Movie 'Black Panther' (ID: 284054) fetched successfully
2025-04-27 17:31:17,885 - INFO - Movie 'Harry Potter and the Deathly Hallows: Part 2' (ID: 12445) fetched successfully
2025-04-27 17:31:18,939 - INFO - Movie 'Star Wars: The Last Jedi' (ID: 181808) fetched successfully
2025-04-27 17:31:20,037 - INFO - Movie 'Frozen II' (ID: 330457) fetched successfully
2025-04-27 17:31:20,985 - INFO - Movie 'Jurassic World: Fallen Kingdom' (ID: 351286) fetched successfully
2025-04-27 17:31:22,014 - INFO - Movie 'Frozen' (ID: 109445) fetched successfully
2025-04-27 17:31:22,950 - INFO - Movie 'Beauty and the Beast' (ID: 321612) fetched successfully
2025-04-27 17:31:23,869 - INFO - Movie 'Incredibles 2' (ID: 260513) fetched successfully
2025-04-27 17:31:36,425 - INFO - Saved 17 movies to movie_data.json
2025-04-27 17:31:36,441 - INFO - Closing down clientserver connection
2025-04-27 17:34:36,526 - ERROR - Failed to fetch movie ID 0: 404 Client Error: Not Found for url: https://api.themoviedb.org/3/movie/0?api_key=f55f6f66aae0bfc6cb7960568f95411e&append_to_response=credits
2025-04-27 17:34:37,332 - INFO - Movie 'Avengers: Endgame' (ID: 299534) fetched successfully
2025-04-27 17:34:38,158 - INFO - Movie 'Avatar' (ID: 19995) fetched successfully
2025-04-27 17:34:38,949 - INFO - Movie 'Star Wars: The Force Awakens' (ID: 140607) fetched successfully
2025-04-27 17:34:40,010 - INFO - Movie 'Avengers: Infinity War' (ID: 299536) fetched successfully
2025-04-27 17:34:40,751 - INFO - Movie 'Titanic' (ID: 597) fetched successfully
2025-04-27 17:34:41,489 - INFO - Movie 'Jurassic World' (ID: 135397) fetched successfully
2025-04-27 17:34:42,422 - ERROR - Failed to fetch movie ID 20818: 404 Client Error: Not Found for url: https://api.themoviedb.org/3/movie/20818?api_key=f55f6f66aae0bfc6cb7960568f95411e&append_to_response=credits
2025-04-27 17:34:43,226 - INFO - Movie 'The Avengers' (ID: 24428) fetched successfully
2025-04-27 17:34:43,942 - INFO - Movie 'Furious 7' (ID: 168259) fetched successfully
2025-04-27 17:34:44,698 - INFO - Movie 'Avengers: Age of Ultron' (ID: 99861) fetched successfully
2025-04-27 17:34:45,431 - INFO - Movie 'Black Panther' (ID: 284054) fetched successfully
2025-04-27 17:34:46,219 - INFO - Movie 'Harry Potter and the Deathly Hallows: Part 2' (ID: 12445) fetched successfully
2025-04-27 17:34:47,052 - INFO - Movie 'Star Wars: The Last Jedi' (ID: 181808) fetched successfully
2025-04-27 17:34:47,770 - INFO - Movie 'Frozen II' (ID: 330457) fetched successfully
2025-04-27 17:34:48,507 - INFO - Movie 'Jurassic World: Fallen Kingdom' (ID: 351286) fetched successfully
2025-04-27 17:34:49,309 - INFO - Movie 'Frozen' (ID: 109445) fetched successfully
2025-04-27 17:34:50,098 - INFO - Movie 'Beauty and the Beast' (ID: 321612) fetched successfully
2025-04-27 17:34:50,867 - INFO - Movie 'Incredibles 2' (ID: 260513) fetched successfully
2025-04-27 17:35:02,106 - INFO - Saved 17 movies to movie_data.json
2025-04-27 17:35:02,129 - INFO - Closing down clientserver connection
2025-04-27 18:38:03,808 - ERROR - Failed to fetch movie ID 0: 404 Client Error: Not Found for url: https://api.themoviedb.org/3/movie/0?api_key=f55f6f66aae0bfc6cb7960568f95411e&append_to_response=credits
2025-04-27 18:38:04,570 - INFO - Movie 'Avengers: Endgame' (ID: 299534) fetched successfully
2025-04-27 18:38:05,364 - INFO - Movie 'Avatar' (ID: 19995) fetched successfully
2025-04-27 18:38:06,133 - INFO - Movie 'Star Wars: The Force Awakens' (ID: 140607) fetched successfully
2025-04-27 18:38:06,927 - INFO - Movie 'Avengers: Infinity War' (ID: 299536) fetched successfully
2025-04-27 18:38:07,716 - INFO - Movie 'Titanic' (ID: 597) fetched successfully
2025-04-27 18:38:09,438 - INFO - Movie 'Jurassic World' (ID: 135397) fetched successfully
2025-04-27 18:38:10,825 - ERROR - Failed to fetch movie ID 20818: 404 Client Error: Not Found for url: https://api.themoviedb.org/3/movie/20818?api_key=f55f6f66aae0bfc6cb7960568f95411e&append_to_response=credits
2025-04-27 18:38:11,728 - INFO - Movie 'The Avengers' (ID: 24428) fetched successfully
2025-04-27 18:38:12,749 - INFO - Movie 'Furious 7' (ID: 168259) fetched successfully
2025-04-27 18:38:13,473 - INFO - Movie 'Avengers: Age of Ultron' (ID: 99861) fetched successfully
2025-04-27 18:38:14,190 - INFO - Movie 'Black Panther' (ID: 284054) fetched successfully
2025-04-27 18:38:15,391 - INFO - Movie 'Harry Potter and the Deathly Hallows: Part 2' (ID: 12445) fetched successfully
2025-04-27 18:38:16,134 - INFO - Movie 'Star Wars: The Last Jedi' (ID: 181808) fetched successfully
2025-04-27 18:38:16,917 - INFO - Movie 'Frozen II' (ID: 330457) fetched successfully
2025-04-27 18:38:17,673 - INFO - Movie 'Jurassic World: Fallen Kingdom' (ID: 351286) fetched successfully
2025-04-27 18:38:18,517 - INFO - Movie 'Frozen' (ID: 109445) fetched successfully
2025-04-27 18:38:19,434 - INFO - Movie 'Beauty and the Beast' (ID: 321612) fetched successfully
2025-04-27 18:38:20,138 - INFO - Movie 'Incredibles 2' (ID: 260513) fetched successfully
2025-04-27 18:38:33,530 - INFO - Saved 17 movies to movie_data.json
2025-04-27 18:38:33,552 - INFO - Closing down clientserver connection
2025-04-27 18:42:40,577 - ERROR - Failed to fetch movie ID 0: 404 Client Error: Not Found for url: https://api.themoviedb.org/3/movie/0?api_key=f55f6f66aae0bfc6cb7960568f95411e&append_to_response=credits
2025-04-27 18:42:41,321 - INFO - Movie 'Avengers: Endgame' (ID: 299534) fetched successfully
2025-04-27 18:42:42,159 - INFO - Movie 'Avatar' (ID: 19995) fetched successfully
2025-04-27 18:42:43,097 - INFO - Movie 'Star Wars: The Force Awakens' (ID: 140607) fetched successfully
2025-04-27 18:42:43,967 - INFO - Movie 'Avengers: Infinity War' (ID: 299536) fetched successfully
2025-04-27 18:42:44,780 - INFO - Movie 'Titanic' (ID: 597) fetched successfully
2025-04-27 18:42:45,576 - INFO - Movie 'Jurassic World' (ID: 135397) fetched successfully
2025-04-27 18:42:46,501 - ERROR - Failed to fetch movie ID 20818: 404 Client Error: Not Found for url: https://api.themoviedb.org/3/movie/20818?api_key=f55f6f66aae0bfc6cb7960568f95411e&append_to_response=credits
2025-04-27 18:42:47,323 - INFO - Movie 'The Avengers' (ID: 24428) fetched successfully
2025-04-27 18:42:48,102 - INFO - Movie 'Furious 7' (ID: 168259) fetched successfully
2025-04-27 18:42:48,825 - INFO - Movie 'Avengers: Age of Ultron' (ID: 99861) fetched successfully
2025-04-27 18:42:49,568 - INFO - Movie 'Black Panther' (ID: 284054) fetched successfully
2025-04-27 18:42:50,274 - INFO - Movie 'Harry Potter and the Deathly Hallows: Part 2' (ID: 12445) fetched successfully
2025-04-27 18:42:50,989 - INFO - Movie 'Star Wars: The Last Jedi' (ID: 181808) fetched successfully
2025-04-27 18:42:51,702 - INFO - Movie 'Frozen II' (ID: 330457) fetched successfully
2025-04-27 18:42:52,512 - INFO - Movie 'Jurassic World: Fallen Kingdom' (ID: 351286) fetched successfully
2025-04-27 18:42:53,311 - INFO - Movie 'Frozen' (ID: 109445) fetched successfully
2025-04-27 18:42:54,028 - INFO - Movie 'Beauty and the Beast' (ID: 321612) fetched successfully
2025-04-27 18:42:54,740 - INFO - Movie 'Incredibles 2' (ID: 260513) fetched successfully
2025-04-27 18:42:55,431 - INFO - Saved 17 movies to movie_data.json
2025-04-27 21:15:02,536 - ERROR - Failed to fetch movie ID 0: 404 Client Error: Not Found for url: https://api.themoviedb.org/3/movie/0?api_key=f55f6f66aae0bfc6cb7960568f95411e&append_to_response=credits
2025-04-27 21:15:03,582 - INFO - Movie 'Avengers: Endgame' (ID: 299534) fetched successfully
2025-04-27 21:15:04,610 - INFO - Movie 'Avatar' (ID: 19995) fetched successfully
2025-04-27 21:15:05,466 - INFO - Movie 'Star Wars: The Force Awakens' (ID: 140607) fetched successfully
2025-04-27 21:15:06,314 - INFO - Movie 'Avengers: Infinity War' (ID: 299536) fetched successfully
2025-04-27 21:15:07,046 - INFO - Movie 'Titanic' (ID: 597) fetched successfully
2025-04-27 21:15:07,881 - INFO - Movie 'Jurassic World' (ID: 135397) fetched successfully
2025-04-27 21:15:08,789 - ERROR - Failed to fetch movie ID 20818: 404 Client Error: Not Found for url: https://api.themoviedb.org/3/movie/20818?api_key=f55f6f66aae0bfc6cb7960568f95411e&append_to_response=credits
2025-04-27 21:15:09,472 - INFO - Movie 'The Avengers' (ID: 24428) fetched successfully
2025-04-27 21:15:10,449 - INFO - Movie 'Furious 7' (ID: 168259) fetched successfully
2025-04-27 21:15:11,188 - INFO - Movie 'Avengers: Age of Ultron' (ID: 99861) fetched successfully
2025-04-27 21:15:11,923 - INFO - Movie 'Black Panther' (ID: 284054) fetched successfully
2025-04-27 21:15:12,909 - INFO - Movie 'Harry Potter and the Deathly Hallows: Part 2' (ID: 12445) fetched successfully
2025-04-27 21:15:13,667 - INFO - Movie 'Star Wars: The Last Jedi' (ID: 181808) fetched successfully
2025-04-27 21:15:14,589 - INFO - Movie 'Frozen II' (ID: 330457) fetched successfully
2025-04-27 21:15:15,578 - INFO - Movie 'Jurassic World: Fallen Kingdom' (ID: 351286) fetched successfully
2025-04-27 21:15:16,539 - INFO - Movie 'Frozen' (ID: 109445) fetched successfully
2025-04-27 21:15:17,288 - INFO - Movie 'Beauty and the Beast' (ID: 321612) fetched successfully
2025-04-27 21:15:18,025 - INFO - Movie 'Incredibles 2' (ID: 260513) fetched successfully
2025-04-27 21:15:26,113 - INFO - Saved 17 movies to movie_data.json
2025-04-27 21:32:15,267 - ERROR - Failed to fetch movie ID 0: 404 Client Error: Not Found for url: https://api.themoviedb.org/3/movie/0?api_key=f55f6f66aae0bfc6cb7960568f95411e&append_to_response=credits
2025-04-27 21:32:16,022 - INFO - Movie 'Avengers: Endgame' (ID: 299534) fetched successfully
2025-04-27 21:32:16,988 - INFO - Movie 'Avatar' (ID: 19995) fetched successfully
2025-04-27 21:32:17,865 - INFO - Movie 'Star Wars: The Force Awakens' (ID: 140607) fetched successfully
2025-04-27 21:32:18,953 - INFO - Movie 'Avengers: Infinity War' (ID: 299536) fetched successfully
2025-04-27 21:32:19,754 - INFO - Movie 'Titanic' (ID: 597) fetched successfully
2025-04-27 21:32:20,742 - INFO - Movie 'Jurassic World' (ID: 135397) fetched successfully
2025-04-27 21:32:21,687 - ERROR - Failed to fetch movie ID 20818: 404 Client Error: Not Found for url: https://api.themoviedb.org/3/movie/20818?api_key=f55f6f66aae0bfc6cb7960568f95411e&append_to_response=credits
2025-04-27 21:32:22,510 - INFO - Movie 'The Avengers' (ID: 24428) fetched successfully
2025-04-27 21:32:23,208 - INFO - Movie 'Furious 7' (ID: 168259) fetched successfully
2025-04-27 21:32:24,195 - INFO - Movie 'Avengers: Age of Ultron' (ID: 99861) fetched successfully
2025-04-27 21:32:24,953 - INFO - Movie 'Black Panther' (ID: 284054) fetched successfully
2025-04-27 21:32:25,733 - INFO - Movie 'Harry Potter and the Deathly Hallows: Part 2' (ID: 12445) fetched successfully
2025-04-27 21:32:26,575 - INFO - Movie 'Star Wars: The Last Jedi' (ID: 181808) fetched successfully
2025-04-27 21:32:27,327 - INFO - Movie 'Frozen II' (ID: 330457) fetched successfully
2025-04-27 21:32:28,061 - INFO - Movie 'Jurassic World: Fallen Kingdom' (ID: 351286) fetched successfully
2025-04-27 21:32:28,798 - INFO - Movie 'Frozen' (ID: 109445) fetched successfully
2025-04-27 21:32:29,494 - INFO - Movie 'Beauty and the Beast' (ID: 321612) fetched successfully
2025-04-27 21:32:30,485 - INFO - Movie 'Incredibles 2' (ID: 260513) fetched successfully
2025-04-27 21:32:31,206 - INFO - Saved 17 movies to movie_data.json
2025-04-27 22:15:12,725 - ERROR - Failed to fetch movie ID 0: 404 Client Error: Not Found for url: https://api.themoviedb.org/3/movie/0?api_key=f55f6f66aae0bfc6cb7960568f95411e&append_to_response=credits
2025-04-27 22:15:13,755 - INFO - Closing down clientserver connection
2025-04-27 22:23:04,333 - ERROR - Failed to fetch movie ID 0: 404 Client Error: Not Found for url: https://api.themoviedb.org/3/movie/0?api_key=f55f6f66aae0bfc6cb7960568f95411e&append_to_response=credits
2025-04-27 22:23:05,145 - INFO - Movie 'Avengers: Endgame' (ID: 299534) fetched successfully
2025-04-27 22:23:05,968 - INFO - Movie 'Avatar' (ID: 19995) fetched successfully
2025-04-27 22:23:06,903 - INFO - Movie 'Star Wars: The Force Awakens' (ID: 140607) fetched successfully
2025-04-27 22:23:07,729 - INFO - Movie 'Avengers: Infinity War' (ID: 299536) fetched successfully
2025-04-27 22:23:08,685 - INFO - Movie 'Titanic' (ID: 597) fetched successfully
2025-04-27 22:23:09,504 - INFO - Movie 'Jurassic World' (ID: 135397) fetched successfully
2025-04-27 22:23:10,418 - ERROR - Failed to fetch movie ID 20818: 404 Client Error: Not Found for url: https://api.themoviedb.org/3/movie/20818?api_key=f55f6f66aae0bfc6cb7960568f95411e&append_to_response=credits
2025-04-27 22:23:11,184 - INFO - Movie 'The Avengers' (ID: 24428) fetched successfully
2025-04-27 22:23:12,019 - INFO - Movie 'Furious 7' (ID: 168259) fetched successfully
2025-04-27 22:23:12,736 - INFO - Movie 'Avengers: Age of Ultron' (ID: 99861) fetched successfully
2025-04-27 22:23:14,007 - INFO - Movie 'Black Panther' (ID: 284054) fetched successfully
2025-04-27 22:23:14,751 - INFO - Movie 'Harry Potter and the Deathly Hallows: Part 2' (ID: 12445) fetched successfully
2025-04-27 22:23:15,545 - INFO - Movie 'Star Wars: The Last Jedi' (ID: 181808) fetched successfully
2025-04-27 22:23:16,401 - INFO - Movie 'Frozen II' (ID: 330457) fetched successfully
2025-04-27 22:23:17,172 - INFO - Movie 'Jurassic World: Fallen Kingdom' (ID: 351286) fetched successfully
2025-04-27 22:23:17,943 - INFO - Movie 'Frozen' (ID: 109445) fetched successfully
2025-04-27 22:23:18,845 - INFO - Movie 'Beauty and the Beast' (ID: 321612) fetched successfully
2025-04-27 22:23:19,587 - INFO - Movie 'Incredibles 2' (ID: 260513) fetched successfully
2025-04-27 22:23:20,151 - INFO - Saved 17 movies to movie_data.json
2025-04-27 22:23:20,151 - ERROR - Failed to save movie_data.json: [NOT_LIST_OR_NONE_OR_STRUCT] Argument `schema` should be a list, None or StructType, got function.
2025-04-27 22:23:20,172 - INFO - Closing down clientserver connection
